TN:
SF:backEnd/server.ts
FN:43,(anonymous_0)
FN:48,(anonymous_1)
FN:54,(anonymous_2)
FN:61,(anonymous_3)
FN:68,(anonymous_4)
FN:94,(anonymous_5)
FN:132,(anonymous_6)
FN:165,(anonymous_7)
FN:195,(anonymous_8)
FN:222,(anonymous_9)
FNF:10
FNH:4
FNDA:1,(anonymous_0)
FNDA:0,(anonymous_1)
FNDA:0,(anonymous_2)
FNDA:0,(anonymous_3)
FNDA:0,(anonymous_4)
FNDA:0,(anonymous_5)
FNDA:9,(anonymous_6)
FNDA:4,(anonymous_7)
FNDA:1,(anonymous_8)
FNDA:0,(anonymous_9)
DA:7,1
DA:18,1
DA:19,1
DA:21,1
DA:22,1
DA:23,1
DA:24,1
DA:26,1
DA:28,1
DA:29,1
DA:30,1
DA:31,1
DA:32,1
DA:34,1
DA:36,1
DA:37,1
DA:38,1
DA:39,0
DA:42,1
DA:44,1
DA:45,1
DA:49,0
DA:52,1
DA:54,1
DA:55,0
DA:59,1
DA:61,1
DA:62,0
DA:64,0
DA:66,0
DA:67,0
DA:68,0
DA:70,0
DA:71,0
DA:72,0
DA:73,0
DA:76,0
DA:77,0
DA:78,0
DA:79,0
DA:81,0
DA:82,0
DA:84,0
DA:85,0
DA:86,0
DA:87,0
DA:88,0
DA:89,0
DA:90,0
DA:94,0
DA:95,0
DA:100,0
DA:106,0
DA:111,0
DA:112,0
DA:113,0
DA:115,0
DA:116,0
DA:123,0
DA:132,1
DA:133,9
DA:134,9
DA:135,9
DA:136,9
DA:137,9
DA:138,0
DA:143,9
DA:146,9
DA:147,9
DA:148,9
DA:149,1
DA:152,8
DA:153,8
DA:155,8
DA:157,0
DA:158,0
DA:165,1
DA:166,4
DA:167,4
DA:168,4
DA:169,4
DA:170,4
DA:172,4
DA:173,4
DA:174,1
DA:176,3
DA:177,3
DA:178,3
DA:179,3
DA:181,3
DA:182,3
DA:184,0
DA:187,0
DA:188,0
DA:191,0
DA:195,1
DA:196,1
DA:197,1
DA:198,1
DA:199,1
DA:200,1
DA:202,1
DA:203,1
DA:204,1
DA:205,0
DA:206,0
DA:208,1
DA:210,0
DA:213,0
DA:214,0
DA:217,0
DA:221,1
DA:222,0
DA:223,0
LF:114
LH:64
BRDA:34,0,0,1
BRDA:34,0,1,1
BRDA:38,1,0,0
BRDA:78,2,0,0
BRDA:84,3,0,0
BRDA:84,3,1,0
BRDA:101,4,0,0
BRDA:101,4,1,0
BRDA:111,5,0,0
BRDA:111,5,1,0
BRDA:137,6,0,0
BRDA:148,7,0,1
BRDA:173,8,0,1
BRDA:187,9,0,0
BRDA:187,9,1,0
BRDA:204,10,0,0
BRDA:213,11,0,0
BRDA:213,11,1,0
BRDA:221,12,0,0
BRF:19
BRH:4
end_of_record
TN:
SF:backEnd/api/bibleVerse.ts
FN:13,(anonymous_0)
FNF:1
FNH:1
FNDA:3,(anonymous_0)
DA:7,2
DA:10,2
DA:11,2
DA:13,2
DA:14,3
DA:15,3
DA:16,3
DA:17,3
DA:18,0
DA:21,3
DA:25,3
DA:26,3
DA:28,3
DA:29,3
DA:30,0
DA:32,3
DA:33,3
DA:34,18
DA:35,18
DA:37,3
DA:38,3
DA:41,0
DA:42,0
DA:43,0
DA:45,0
DA:46,0
LF:26
LH:19
BRDA:17,0,0,0
BRDA:29,1,0,0
BRDA:41,2,0,0
BRDA:41,2,1,0
BRF:4
BRH:0
end_of_record
TN:
SF:backEnd/config/config.ts
FN:6,(anonymous_0)
FNF:1
FNH:0
FNDA:0,(anonymous_0)
DA:4,0
DA:7,0
LF:2
LH:0
BRF:0
BRH:0
end_of_record
TN:
SF:backEnd/models/user.ts
FN:32,(anonymous_0)
FNF:1
FNH:0
FNDA:0,(anonymous_0)
DA:2,1
DA:5,1
DA:30,1
DA:32,1
DA:33,0
DA:34,0
DA:36,0
LF:7
LH:4
BRDA:33,0,0,0
BRDA:33,0,1,0
BRDA:33,1,0,0
BRDA:33,1,1,0
BRF:4
BRH:0
end_of_record
