TN:
SF:backEnd/server.ts
FN:38,(anonymous_0)
FN:41,(anonymous_1)
FN:47,(anonymous_2)
FN:54,(anonymous_3)
FN:60,(anonymous_4)
FN:86,(anonymous_5)
FN:127,(anonymous_6)
FN:172,(anonymous_7)
FN:202,(anonymous_8)
FN:229,(anonymous_9)
FNF:10
FNH:4
FNDA:1,(anonymous_0)
FNDA:0,(anonymous_1)
FNDA:0,(anonymous_2)
FNDA:0,(anonymous_3)
FNDA:0,(anonymous_4)
FNDA:0,(anonymous_5)
FNDA:7,(anonymous_6)
FNDA:4,(anonymous_7)
FNDA:1,(anonymous_8)
FNDA:0,(anonymous_9)
DA:7,1
DA:16,1
DA:17,1
DA:19,1
DA:20,1
DA:21,1
DA:23,1
DA:24,1
DA:25,1
DA:26,1
DA:27,1
DA:29,1
DA:31,1
DA:32,1
DA:33,1
DA:34,0
DA:37,1
DA:39,1
DA:42,0
DA:45,1
DA:47,1
DA:48,0
DA:52,1
DA:53,1
DA:54,1
DA:55,0
DA:57,0
DA:58,0
DA:59,0
DA:60,0
DA:62,0
DA:63,0
DA:64,0
DA:65,0
DA:68,0
DA:69,0
DA:70,0
DA:71,0
DA:73,0
DA:74,0
DA:76,0
DA:77,0
DA:78,0
DA:79,0
DA:80,0
DA:81,0
DA:82,0
DA:86,0
DA:87,0
DA:90,0
DA:91,0
DA:92,0
DA:97,0
DA:98,0
DA:99,0
DA:100,0
DA:101,0
DA:106,0
DA:107,0
DA:108,0
DA:110,0
DA:111,0
DA:118,0
DA:127,1
DA:128,7
DA:129,7
DA:130,7
DA:131,7
DA:132,7
DA:133,7
DA:134,7
DA:135,7
DA:137,7
DA:138,0
DA:141,7
DA:142,7
DA:143,7
DA:153,0
DA:156,0
DA:157,0
DA:158,0
DA:159,0
DA:161,0
DA:165,0
DA:172,1
DA:173,4
DA:174,4
DA:175,4
DA:176,4
DA:177,4
DA:179,4
DA:180,4
DA:181,1
DA:183,3
DA:184,3
DA:185,3
DA:186,3
DA:188,3
DA:189,3
DA:191,0
DA:194,0
DA:195,0
DA:198,0
DA:202,1
DA:203,1
DA:204,1
DA:205,1
DA:206,1
DA:207,1
DA:209,1
DA:210,1
DA:211,1
DA:212,0
DA:213,0
DA:215,1
DA:217,0
DA:220,0
DA:221,0
DA:224,0
DA:228,1
DA:229,0
DA:230,0
LF:122
LH:61
BRDA:29,0,0,1
BRDA:29,0,1,1
BRDA:33,1,0,0
BRDA:70,2,0,0
BRDA:76,3,0,0
BRDA:76,3,1,0
BRDA:91,4,0,0
BRDA:91,4,1,0
BRDA:93,5,0,0
BRDA:93,5,1,0
BRDA:106,6,0,0
BRDA:106,6,1,0
BRDA:137,7,0,0
BRDA:156,8,0,0
BRDA:158,9,0,0
BRDA:180,10,0,1
BRDA:194,11,0,0
BRDA:194,11,1,0
BRDA:211,12,0,0
BRDA:220,13,0,0
BRDA:220,13,1,0
BRDA:228,14,0,0
BRF:22
BRH:3
end_of_record
TN:
SF:backEnd/api/bibleVerse.ts
FN:13,(anonymous_0)
FNF:1
FNH:1
FNDA:3,(anonymous_0)
DA:7,2
DA:10,2
DA:11,2
DA:13,2
DA:14,3
DA:15,3
DA:16,3
DA:17,3
DA:18,0
DA:21,3
DA:25,3
DA:26,3
DA:28,3
DA:29,3
DA:30,0
DA:32,3
DA:33,3
DA:34,18
DA:35,18
DA:37,3
DA:38,3
DA:41,0
DA:42,0
DA:43,0
DA:45,0
DA:46,0
LF:26
LH:19
BRDA:17,0,0,0
BRDA:29,1,0,0
BRDA:41,2,0,0
BRDA:41,2,1,0
BRF:4
BRH:0
end_of_record
TN:
SF:backEnd/config/config.ts
FN:6,(anonymous_0)
FNF:1
FNH:0
FNDA:0,(anonymous_0)
DA:4,0
DA:7,0
LF:2
LH:0
BRF:0
BRH:0
end_of_record
TN:
SF:backEnd/models/user.ts
FNF:0
FNH:0
DA:2,1
DA:5,1
DA:28,1
LF:3
LH:3
BRF:0
BRH:0
end_of_record
